<?xml version="1.0" encoding="UTF-8"?>
<!-- Generated by org.testng.reporters.JUnitReportReporter -->
<testsuite hostname="DESKTOP-D0ODKLV" failures="0" tests="1" name="runner.Runner" time="65.183" errors="0" timestamp="5 Mar 2020 09:22:04 GMT">
  <testcase classname="runner.Runner" name="feature" time="65.183"/>
</testsuite> <!-- runner.Runner -->
