<?xml version="1.0" encoding="UTF-8"?>
<!-- Generated by org.testng.reporters.JUnitReportReporter -->
<testsuite hostname="DESKTOP-D0ODKLV" name="runner.Runner" tests="1" failures="0" timestamp="2 Mar 2020 10:10:26 GMT" time="16.872" errors="0">
  <testcase name="feature" time="16.872" classname="runner.Runner"/>
</testsuite> <!-- runner.Runner -->
